<?xml version="1.0" encoding="UTF-8"?>
<!-- Generated by org.testng.reporters.JUnitReportReporter -->
<testsuite hostname="DESKTOP-52D5HFG" failures="0" tests="3" name="log4jpackage.Log4jDemo" time="0.230" errors="0" timestamp="2022-09-19T18:10:24 IST" skipped="0">
  <testcase classname="log4jpackage.Log4jDemo" name="setup" time="0.224"/>
  <system-out/>
  <testcase classname="log4jpackage.Log4jDemo" name="login" time="0.004"/>
  <system-out/>
  <testcase classname="log4jpackage.Log4jDemo" name="teardown" time="0.002"/>
  <system-out/>
</testsuite> <!-- log4jpackage.Log4jDemo -->
